<?xml version="1.0" encoding="UTF-8" ?>
<testsuite tests="2" failures="2" name="EbaytestCases.HomePageTest" time="0.367" errors="0" skipped="0">
  <properties>
[...]
</properties>
  <testcase classname="EbaytestCases.HomePageTest" name="InputBoxTest" time="0.365">
    <failure message="
Cannot inject @Test annotated Method [InputBoxTest] with [class java.lang.String].
For more information on native dependency injection please refer to http://testng.org/doc/documentation-main.html#native-dependency-injection" type="org.testng.TestNGException">org.testng.TestNGException: 
Cannot inject @Test annotated Method [InputBoxTest] with [class java.lang.String].
For more information on native dependency injection please refer to http://testng.org/doc/documentation-main.html#native-dependency-injection
	at org.testng.internal.Parameters.checkParameterTypes(Parameters.java:407)
	at org.testng.internal.Parameters.createParametersForMethod(Parameters.java:356)
	at org.testng.internal.Parameters.createParameters(Parameters.java:635)
	at org.testng.internal.Parameters.handleParameters(Parameters.java:769)
	at org.testng.internal.ParameterHandler.handleParameters(ParameterHandler.java:49)
	at org.testng.internal.ParameterHandler.createParameters(ParameterHandler.java:37)
	at org.testng.internal.Invoker.invokeTestMethods(Invoker.java:924)
	at org.testng.internal.TestMethodWorker.invokeTestMethods(TestMethodWorker.java:125)
	at org.testng.internal.TestMethodWorker.run(TestMethodWorker.java:109)
	at org.testng.TestRunner.privateRun(TestRunner.java:648)
	at org.testng.TestRunner.run(TestRunner.java:505)
	at org.testng.SuiteRunner.runTest(SuiteRunner.java:455)
	at org.testng.SuiteRunner.runSequentially(SuiteRunner.java:450)
	at org.testng.SuiteRunner.privateRun(SuiteRunner.java:415)
	at org.testng.SuiteRunner.run(SuiteRunner.java:364)
	at org.testng.SuiteRunnerWorker.runSuite(SuiteRunnerWorker.java:52)
	at org.testng.SuiteRunnerWorker.run(SuiteRunnerWorker.java:84)
	at org.testng.TestNG.runSuitesSequentially(TestNG.java:1208)
	at org.testng.TestNG.runSuitesLocally(TestNG.java:1137)
	at org.testng.TestNG.runSuites(TestNG.java:1049)
	at org.testng.TestNG.run(TestNG.java:1017)
	at org.apache.maven.surefire.testng.TestNGExecutor.run(TestNGExecutor.java:77)
	at org.apache.maven.surefire.testng.TestNGDirectoryTestSuite.execute(TestNGDirectoryTestSuite.java:110)
	at org.apache.maven.surefire.testng.TestNGProvider.invoke(TestNGProvider.java:106)
	at sun.reflect.NativeMethodAccessorImpl.invoke0(Native Method)
	at sun.reflect.NativeMethodAccessorImpl.invoke(NativeMethodAccessorImpl.java:62)
	at sun.reflect.DelegatingMethodAccessorImpl.invoke(DelegatingMethodAccessorImpl.java:43)
	at java.lang.reflect.Method.invoke(Method.java:498)
	at org.apache.maven.surefire.util.ReflectionUtils.invokeMethodWithArray(ReflectionUtils.java:189)
	at org.apache.maven.surefire.booter.ProviderFactory$ProviderProxy.invoke(ProviderFactory.java:165)
	at org.apache.maven.surefire.booter.ProviderFactory.invokeProvider(ProviderFactory.java:85)
	at org.apache.maven.surefire.booter.ForkedBooter.runSuitesInProcess(ForkedBooter.java:115)
	at org.apache.maven.surefire.booter.ForkedBooter.main(ForkedBooter.java:75)
</failure>
    <system-out>Configuring TestNG with: org.apache.maven.surefire.testng.conf.TestNG652Configurator@36aa7bc2
</system-out>
    <system-err>[Utils] [ERROR] [Error] org.testng.TestNGException: 
Cannot inject @Test annotated Method [InputBoxTest] with [class java.lang.String].
For more information on native dependency injection please refer to http://testng.org/doc/documentation-main.html#native-dependency-injection
	at org.testng.internal.Parameters.checkParameterTypes(Parameters.java:407)
	at org.testng.internal.Parameters.createParametersForMethod(Parameters.java:356)
	at org.testng.internal.Parameters.createParameters(Parameters.java:635)
	at org.testng.internal.Parameters.handleParameters(Parameters.java:769)
	at org.testng.internal.ParameterHandler.handleParameters(ParameterHandler.java:49)
	at org.testng.internal.ParameterHandler.createParameters(ParameterHandler.java:37)
	at org.testng.internal.Invoker.invokeTestMethods(Invoker.java:924)
	at org.testng.internal.TestMethodWorker.invokeTestMethods(TestMethodWorker.java:125)
	at org.testng.internal.TestMethodWorker.run(TestMethodWorker.java:109)
	at org.testng.TestRunner.privateRun(TestRunner.java:648)
	at org.testng.TestRunner.run(TestRunner.java:505)
	at org.testng.SuiteRunner.runTest(SuiteRunner.java:455)
	at org.testng.SuiteRunner.runSequentially(SuiteRunner.java:450)
	at org.testng.SuiteRunner.privateRun(SuiteRunner.java:415)
	at org.testng.SuiteRunner.run(SuiteRunner.java:364)
	at org.testng.SuiteRunnerWorker.runSuite(SuiteRunnerWorker.java:52)
	at org.testng.SuiteRunnerWorker.run(SuiteRunnerWorker.java:84)
	at org.testng.TestNG.runSuitesSequentially(TestNG.java:1208)
	at org.testng.TestNG.runSuitesLocally(TestNG.java:1137)
	at org.testng.TestNG.runSuites(TestNG.java:1049)
	at org.testng.TestNG.run(TestNG.java:1017)
	at org.apache.maven.surefire.testng.TestNGExecutor.run(TestNGExecutor.java:77)
	at org.apache.maven.surefire.testng.TestNGDirectoryTestSuite.execute(TestNGDirectoryTestSuite.java:110)
	at org.apache.maven.surefire.testng.TestNGProvider.invoke(TestNGProvider.java:106)
	at sun.reflect.NativeMethodAccessorImpl.invoke0(Native Method)
	at sun.reflect.NativeMethodAccessorImpl.invoke(NativeMethodAccessorImpl.java:62)
	at sun.reflect.DelegatingMethodAccessorImpl.invoke(DelegatingMethodAccessorImpl.java:43)
	at java.lang.reflect.Method.invoke(Method.java:498)
	at org.apache.maven.surefire.util.ReflectionUtils.invokeMethodWithArray(ReflectionUtils.java:189)
	at org.apache.maven.surefire.booter.ProviderFactory$ProviderProxy.invoke(ProviderFactory.java:165)
	at org.apache.maven.surefire.booter.ProviderFactory.invokeProvider(ProviderFactory.java:85)
	at org.apache.maven.surefire.booter.ForkedBooter.runSuitesInProcess(ForkedBooter.java:115)
	at org.apache.maven.surefire.booter.ForkedBooter.main(ForkedBooter.java:75)

</system-err>
  </testcase>
  <testcase classname="EbaytestCases.HomePageTest" name="SearchBoxTest" time="0.002">
    <failure type="java.lang.NullPointerException">java.lang.NullPointerException
	at org.openqa.selenium.support.pagefactory.DefaultElementLocator.findElement(DefaultElementLocator.java:69)
	at org.openqa.selenium.support.pagefactory.internal.LocatingElementHandler.invoke(LocatingElementHandler.java:38)
	at com.sun.proxy.$Proxy8.click(Unknown Source)
	at EbayPages.HomePage.searchBtn(HomePage.java:39)
	at EbaytestCases.HomePageTest.SearchBoxTest(HomePageTest.java:34)
</failure>
    <system-err>Starting ChromeDriver 80.0.3987.106 (f68069574609230cf9b635cd784cfb1bf81bb53a-refs/branch-heads/3987@{#882}) on port 4486
Only local connections are allowed.
Please protect ports used by ChromeDriver and related test frameworks to prevent access by malicious code.
[1589946469.419][WARNING]: This version of ChromeDriver has not been tested with Chrome version 81.
May 19, 2020 10:47:49 PM org.openqa.selenium.remote.ProtocolHandshake createSession
INFO: Detected dialect: W3C
[1589946471.162][SEVERE]: Timed out receiving message from renderer: 0.100
[1589946471.530][SEVERE]: Timed out receiving message from renderer: 0.100
[1589946471.979][SEVERE]: Timed out receiving message from renderer: 0.100
[1589946472.145][SEVERE]: Timed out receiving message from renderer: 0.100
[1589946472.248][SEVERE]: Timed out receiving message from renderer: 0.100
[1589946472.351][SEVERE]: Timed out receiving message from renderer: 0.100
[1589946472.454][SEVERE]: Timed out receiving message from renderer: 0.100
[1589946472.562][SEVERE]: Timed out receiving message from renderer: 0.100
[1589946472.666][SEVERE]: Timed out receiving message from renderer: 0.100
[1589946472.769][SEVERE]: Timed out receiving message from renderer: 0.100
[1589946472.872][SEVERE]: Timed out receiving message from renderer: 0.100
[1589946472.979][SEVERE]: Timed out receiving message from renderer: 0.100
[1589946473.082][SEVERE]: Timed out receiving message from renderer: 0.100
[1589946473.187][SEVERE]: Timed out receiving message from renderer: 0.100
[1589946473.290][SEVERE]: Timed out receiving message from renderer: 0.100
[1589946473.397][SEVERE]: Timed out receiving message from renderer: 0.100
[1589946473.501][SEVERE]: Timed out receiving message from renderer: 0.100
[1589946473.605][SEVERE]: Timed out receiving message from renderer: 0.100
[1589946473.707][SEVERE]: Timed out receiving message from renderer: 0.100
[1589946473.810][SEVERE]: Timed out receiving message from renderer: 0.100
[1589946473.912][SEVERE]: Timed out receiving message from renderer: 0.100
[1589946474.106][SEVERE]: Timed out receiving message from renderer: 0.100
[1589946474.212][SEVERE]: Timed out receiving message from renderer: 0.100
[1589946474.561][SEVERE]: Timed out receiving message from renderer: 0.100
[1589946474.664][SEVERE]: Timed out receiving message from renderer: 0.100
[1589946474.766][SEVERE]: Timed out receiving message from renderer: 0.100
[1589946474.868][SEVERE]: Timed out receiving message from renderer: 0.100
[1589946474.972][SEVERE]: Timed out receiving message from renderer: 0.100
[1589946475.080][SEVERE]: Timed out receiving message from renderer: 0.100
[1589946475.182][SEVERE]: Timed out receiving message from renderer: 0.100
[1589946475.288][SEVERE]: Timed out receiving message from renderer: 0.100
[1589946475.390][SEVERE]: Timed out receiving message from renderer: 0.100
[1589946475.499][SEVERE]: Timed out receiving message from renderer: 0.100
[1589946475.601][SEVERE]: Timed out receiving message from renderer: 0.100
[1589946475.705][SEVERE]: Timed out receiving message from renderer: 0.100
[1589946475.807][SEVERE]: Timed out receiving message from renderer: 0.100
[1589946475.911][SEVERE]: Timed out receiving message from renderer: 0.100
[1589946476.014][SEVERE]: Timed out receiving message from renderer: 0.100
[1589946476.124][SEVERE]: Timed out receiving message from renderer: 0.100
[1589946476.226][SEVERE]: Timed out receiving message from renderer: 0.100
[1589946476.330][SEVERE]: Timed out receiving message from renderer: 0.100
[1589946476.433][SEVERE]: Timed out receiving message from renderer: 0.100
[1589946476.535][SEVERE]: Timed out receiving message from renderer: 0.100
[1589946476.638][SEVERE]: Timed out receiving message from renderer: 0.100
[1589946476.747][SEVERE]: Timed out receiving message from renderer: 0.100
[1589946476.849][SEVERE]: Timed out receiving message from renderer: 0.100
[1589946476.955][SEVERE]: Timed out receiving message from renderer: 0.100
</system-err>
  </testcase>
</testsuite>