<?xml version="1.0" encoding="UTF-8"?>
<!-- Generated by org.testng.reporters.JUnitXMLReporter -->
<testsuite hostname="abdis-MacBook-Air.local" ignored="0" name="Command line test" tests="2" failures="2" timestamp="20 May 2020 03:47:57 GMT" time="10.352" errors="0">
  <testcase name="InputBoxTest" time="0.0" classname="EbaytestCases.HomePageTest">
    <failure type="org.testng.TestNGException" message="
Cannot inject @Test annotated Method [InputBoxTest] with [class java.lang.String].
For more information on native dependency injection please refer to http://testng.org/doc/documentation-main.html#native-dependency-injection">
      <![CDATA[org.testng.TestNGException: 
Cannot inject @Test annotated Method [InputBoxTest] with [class java.lang.String].
For more information on native dependency injection please refer to http://testng.org/doc/documentation-main.html#native-dependency-injection
... Removed 33 stack frames]]>
    </failure>
  </testcase> <!-- InputBoxTest -->
  <testcase name="SearchBoxTest" time="0.001" classname="EbaytestCases.HomePageTest">
    <failure type="java.lang.NullPointerException">
      <![CDATA[java.lang.NullPointerException
at org.openqa.selenium.support.pagefactory.DefaultElementLocator.findElement(DefaultElementLocator.java:69)
at org.openqa.selenium.support.pagefactory.internal.LocatingElementHandler.invoke(LocatingElementHandler.java:38)
at com.sun.proxy.$Proxy8.click(Unknown Source)
at EbayPages.HomePage.searchBtn(HomePage.java:39)
at EbaytestCases.HomePageTest.SearchBoxTest(HomePageTest.java:34)
... Removed 34 stack frames]]>
    </failure>
  </testcase> <!-- SearchBoxTest -->
</testsuite> <!-- Command line test -->
